#
# There is insufficient memory for the Java Runtime Environment to continue.
# Native memory allocation (malloc) failed to allocate 982176 bytes for Chunk::new
# Possible reasons:
#   The system is out of physical RAM or swap space
#   In 32 bit mode, the process size limit was hit
# Possible solutions:
#   Reduce memory load on the system
#   Increase physical memory or swap space
#   Check if swap backing store is full
#   Use 64 bit Java on a 64 bit OS
#   Decrease Java heap size (-Xmx/-Xms)
#   Decrease number of Java threads
#   Decrease Java thread stack sizes (-Xss)
#   Set larger code cache with -XX:ReservedCodeCacheSize=
# This output file may be truncated or incomplete.
#
#  Out of Memory Error (allocation.cpp:390), pid=13588, tid=0x0000000000001c18
#
# JRE version: OpenJDK Runtime Environment (8.0_152-b01) (build 1.8.0_152-release-915-b01)
# Java VM: OpenJDK 64-Bit Server VM (25.152-b01 mixed mode windows-amd64 compressed oops)
# Failed to write core dump. Minidumps are not enabled by default on client versions of Windows
#

---------------  T H R E A D  ---------------

Current thread (0x000000001a302800):  JavaThread "C2 CompilerThread1" daemon [_thread_in_native, id=7192, stack(0x000000001aad0000,0x000000001abd0000)]

Stack: [0x000000001aad0000,0x000000001abd0000]
[error occurred during error reporting (printing stack bounds), id 0xc0000005]

Native frames: (J=compiled Java code, j=interpreted, Vv=VM code, C=native code)


Current CompileTask:
C2:6626869 14686       4       com.android.dx.dex.code.OutputFinisher::addConstants (134 bytes)


---------------  P R O C E S S  ---------------

Java Threads: ( => current thread )
  0x000000001ee32000 JavaThread "ForkJoinPool.commonPool-worker-7" daemon [_thread_blocked, id=7864, stack(0x000000002ec50000,0x000000002ed50000)]
  0x000000001f1f4000 JavaThread "ForkJoinPool.commonPool-worker-6" daemon [_thread_blocked, id=10156, stack(0x000000002eb50000,0x000000002ec50000)]
  0x000000001f1f2800 JavaThread "ForkJoinPool.commonPool-worker-5" daemon [_thread_in_native, id=6504, stack(0x000000002ea50000,0x000000002eb50000)]
  0x000000001f1f1800 JavaThread "ForkJoinPool.commonPool-worker-4" daemon [_thread_in_native, id=10100, stack(0x000000002e950000,0x000000002ea50000)]
  0x000000001f1f1000 JavaThread "ForkJoinPool.commonPool-worker-3" daemon [_thread_in_native, id=14316, stack(0x000000002e850000,0x000000002e950000)]
  0x000000001f1f6000 JavaThread "ForkJoinPool.commonPool-worker-2" daemon [_thread_in_native, id=9572, stack(0x000000002e750000,0x000000002e850000)]
  0x000000001f1f4800 JavaThread "Cache worker for Java compile cache (C:\Users\botez\AndroidStudioProjects\CyclingTracker\.gradle\4.1\javaCompile)" [_thread_blocked, id=2308, stack(0x000000002e550000,0x000000002e650000)]
  0x000000001f1f3000 JavaThread "ForkJoinPool.commonPool-worker-1" daemon [_thread_in_native, id=2192, stack(0x000000002cb50000,0x000000002cc50000)]
  0x000000001f1e9000 JavaThread "Task worker for ':' Thread 7" [_thread_blocked, id=680, stack(0x000000002b150000,0x000000002b250000)]
  0x000000001f1f0000 JavaThread "Task worker for ':' Thread 6" [_thread_blocked, id=10368, stack(0x000000002b050000,0x000000002b150000)]
  0x000000001f1e8800 JavaThread "Task worker for ':' Thread 5" [_thread_blocked, id=11536, stack(0x000000002af50000,0x000000002b050000)]
  0x000000001f1ef800 JavaThread "Task worker for ':' Thread 4" [_thread_blocked, id=6620, stack(0x000000002ae50000,0x000000002af50000)]
  0x000000001f1ea000 JavaThread "Task worker for ':' Thread 3" [_thread_blocked, id=3556, stack(0x000000002ad50000,0x000000002ae50000)]
  0x000000001f1ed000 JavaThread "Task worker for ':' Thread 2" [_thread_blocked, id=5544, stack(0x000000002ac50000,0x000000002ad50000)]
  0x000000001f1eb800 JavaThread "Task worker for ':'" [_thread_blocked, id=4836, stack(0x000000002ab50000,0x000000002ac50000)]
  0x000000001f1e7800 JavaThread "Cache worker for task history cache (C:\Users\botez\AndroidStudioProjects\CyclingTracker\.gradle\4.1\taskHistory)" [_thread_blocked, id=13916, stack(0x000000002aa50000,0x000000002ab50000)]
  0x000000001f1ee000 JavaThread "Cache worker for file content cache (C:\Users\botez\AndroidStudioProjects\CyclingTracker\.gradle\4.1\fileContent)" [_thread_blocked, id=12932, stack(0x000000002a950000,0x000000002aa50000)]
  0x000000001f1ee800 JavaThread "build operations Thread 8" [_thread_blocked, id=856, stack(0x000000002a850000,0x000000002a950000)]
  0x000000001f1ec800 JavaThread "build operations Thread 7" [_thread_blocked, id=6760, stack(0x000000002a750000,0x000000002a850000)]
  0x000000001ee37000 JavaThread "build operations Thread 6" [_thread_blocked, id=4680, stack(0x000000002a650000,0x000000002a750000)]
  0x000000001ee36800 JavaThread "build operations Thread 5" [_thread_blocked, id=11356, stack(0x000000002a550000,0x000000002a650000)]
  0x000000001ee35800 JavaThread "build operations Thread 4" [_thread_blocked, id=12004, stack(0x000000002a450000,0x000000002a550000)]
  0x000000001ee35000 JavaThread "build operations Thread 3" [_thread_blocked, id=12796, stack(0x000000002a350000,0x000000002a450000)]
  0x000000001ee33800 JavaThread "build operations Thread 2" [_thread_blocked, id=6212, stack(0x000000002a250000,0x000000002a350000)]
  0x000000001ee32800 JavaThread "build operations" [_thread_blocked, id=848, stack(0x000000002a150000,0x000000002a250000)]
  0x000000001ee34000 JavaThread "Cache worker for Artifact transforms cache (C:\Users\botez\.gradle\caches\transforms-1)" [_thread_blocked, id=14180, stack(0x000000002a050000,0x000000002a150000)]
  0x000000001ccd1000 JavaThread "Cache worker for file hash cache (C:\Users\botez\AndroidStudioProjects\CyclingTracker\.gradle\4.1\fileHashes)" [_thread_blocked, id=5260, stack(0x0000000029f50000,0x000000002a050000)]
  0x000000001cccf800 JavaThread "Stdin handler" [_thread_blocked, id=13256, stack(0x0000000029e50000,0x0000000029f50000)]
  0x000000001ccd1800 JavaThread "Asynchronous log dispatcher for DefaultDaemonConnection: socket connection from /127.0.0.1:56754 to /127.0.0.1:63655" [_thread_blocked, id=10164, stack(0x0000000029d50000,0x0000000029e50000)]
  0x000000001ccd0000 JavaThread "Daemon worker Thread 2" [_thread_blocked, id=1836, stack(0x0000000029c50000,0x0000000029d50000)]
  0x000000001ccd5800 JavaThread "Cancel handler" [_thread_blocked, id=1440, stack(0x0000000029b50000,0x0000000029c50000)]
  0x000000001ccd3000 JavaThread "Handler for socket connection from /127.0.0.1:56754 to /127.0.0.1:63655" [_thread_in_native, id=7468, stack(0x0000000029a50000,0x0000000029b50000)]
  0x000000001ccd2800 JavaThread "Daemon Thread 2" [_thread_blocked, id=5964, stack(0x0000000029950000,0x0000000029a50000)]
  0x000000001ee31000 JavaThread "Memory manager" [_thread_blocked, id=2008, stack(0x0000000024d80000,0x0000000024e80000)]
  0x000000001c011000 JavaThread "File lock request listener" [_thread_in_native, id=7728, stack(0x000000001ea20000,0x000000001eb20000)]
  0x000000001c06d800 JavaThread "Cache worker for file hash cache (C:\Users\botez\.gradle\caches\4.1\fileHashes)" [_thread_blocked, id=11360, stack(0x000000001e920000,0x000000001ea20000)]
  0x000000001c18a000 JavaThread "Daemon periodic checks" [_thread_blocked, id=6128, stack(0x000000001df20000,0x000000001e020000)]
  0x000000001bd75000 JavaThread "Incoming local TCP Connector on port 56754" [_thread_in_native, id=1052, stack(0x000000001c7a0000,0x000000001c8a0000)]
  0x000000001a38f000 JavaThread "Service Thread" daemon [_thread_blocked, id=1224, stack(0x000000001add0000,0x000000001aed0000)]
  0x000000001840b000 JavaThread "C1 CompilerThread3" daemon [_thread_in_native, id=13452, stack(0x000000001acd0000,0x000000001add0000)]
  0x000000001a304800 JavaThread "C2 CompilerThread2" daemon [_thread_blocked, id=12772, stack(0x000000001abd0000,0x000000001acd0000)]
=>0x000000001a302800 JavaThread "C2 CompilerThread1" daemon [_thread_in_native, id=7192, stack(0x000000001aad0000,0x000000001abd0000)]
  0x000000001a2ff800 JavaThread "C2 CompilerThread0" daemon [_thread_blocked, id=12768, stack(0x000000001a9d0000,0x000000001aad0000)]
  0x000000001a2fa800 JavaThread "Attach Listener" daemon [_thread_blocked, id=13080, stack(0x000000001a8d0000,0x000000001a9d0000)]
  0x000000001a2f9800 JavaThread "Signal Dispatcher" daemon [_thread_blocked, id=6968, stack(0x000000001a7d0000,0x000000001a8d0000)]
  0x000000001a2f0800 JavaThread "Finalizer" daemon [_thread_blocked, id=1712, stack(0x000000001a6d0000,0x000000001a7d0000)]
  0x0000000004638000 JavaThread "Reference Handler" daemon [_thread_blocked, id=5704, stack(0x000000001a1d0000,0x000000001a2d0000)]
  0x000000000453d800 JavaThread "main" [_thread_blocked, id=4916, stack(0x0000000004340000,0x0000000004440000)]

Other Threads:
  0x00000000183f5000 VMThread [stack: 0x000000001a0d0000,0x000000001a1d0000] [id=656]
  0x000000001a38f800 WatcherThread [stack: 0x000000001aed0000,0x000000001afd0000] [id=2556]

VM state:not at safepoint (normal execution)

VM Mutex/Monitor currently owned by a thread: None

Heap:
 PSYoungGen      total 221184K, used 140951K [0x00000000e0000000, 0x00000000f1500000, 0x0000000100000000)
  eden space 200704K, 60% used [0x00000000e0000000,0x00000000e7600908,0x00000000ec400000)
  from space 20480K, 98% used [0x00000000f0100000,0x00000000f14a5378,0x00000000f1500000)
  to   space 26624K, 0% used [0x00000000ee100000,0x00000000ee100000,0x00000000efb00000)
 ParOldGen       total 165376K, used 47361K [0x00000000a0000000, 0x00000000aa180000, 0x00000000e0000000)
  object space 165376K, 28% used [0x00000000a0000000,0x00000000a2e407f0,0x00000000aa180000)
 Metaspace       used 73796K, capacity 77298K, committed 77440K, reserved 1116160K
  class space    used 9484K, capacity 10309K, committed 10368K, reserved 1048576K

Card table byte_map: [0x0000000013a00000,0x0000000013d10000] byte_map_base: 0x0000000013500000

Marking Bits: (ParMarkBitMap*) 0x0000000075133950
 Begin Bits: [0x0000000014710000, 0x0000000015f10000)
 End Bits:   [0x0000000015f10000, 0x0000000017710000)

Polling page: 0x0000000004280000

CodeCache: size=245760Kb used=44699Kb max_used=44714Kb free=201060Kb
 bounds [0x0000000004640000, 0x0000000007230000, 0x0000000013640000]
 total_blobs=13508 nmethods=12690 adapters=730
 compilation: enabled

Compilation events (10 events):
Event: 6624.639 Thread 0x000000001840b000 nmethod 14827 0x00000000071ab850 code [0x00000000071ab9e0, 0x00000000071abf88]
Event: 6624.639 Thread 0x000000001840b000 14824       3       com.android.dx.dex.file.DebugInfoEncoder$1::compare (13 bytes)
Event: 6624.639 Thread 0x000000001840b000 nmethod 14824 0x00000000071ab190 code [0x00000000071ab300, 0x00000000071ab6d0]
Event: 6624.639 Thread 0x000000001840b000 14825       3       com.android.dx.dex.file.DebugInfoEncoder$1::compare (10 bytes)
Event: 6624.639 Thread 0x000000001840b000 nmethod 14825 0x00000000071aadd0 code [0x00000000071aaf20, 0x00000000071ab0b0]
Event: 6624.641 Thread 0x000000001a304800 nmethod 14820 0x00000000071a4910 code [0x00000000071a4a80, 0x00000000071a4f58]
Event: 6624.641 Thread 0x000000001a304800 14744       4       java.util.BitSet::clear (70 bytes)
Event: 6624.643 Thread 0x000000001a304800 nmethod 14744 0x00000000071af650 code [0x00000000071af7a0, 0x00000000071af8b8]
Event: 6624.643 Thread 0x000000001a304800 14709       4       com.android.dx.dex.cf.AttributeTranslator::getAnnotations (37 bytes)
Event: 6624.649 Thread 0x000000001840b000 14828       3       java.util.EnumSet::allOf (11 bytes)

GC Heap History (10 events):
Event: 11.514 GC heap before
{Heap before GC invocations=13 (full 2):
 PSYoungGen      total 179712K, used 74453K [0x00000000e0000000, 0x00000000ede00000, 0x0000000100000000)
  eden space 162816K, 35% used [0x00000000e0000000,0x00000000e3836180,0x00000000e9f00000)
  from space 16896K, 99% used [0x00000000eb600000,0x00000000ec67f4e0,0x00000000ec680000)
  to   space 23552K, 0% used [0x00000000e9f00000,0x00000000e9f00000,0x00000000eb600000)
 ParOldGen       total 102400K, used 34874K [0x00000000a0000000, 0x00000000a6400000, 0x00000000e0000000)
  object space 102400K, 34% used [0x00000000a0000000,0x00000000a220ea60,0x00000000a6400000)
 Metaspace       used 56412K, capacity 58818K, committed 59008K, reserved 1099776K
  class space    used 7717K, capacity 8297K, committed 8320K, reserved 1048576K
Event: 11.555 GC heap after
Heap after GC invocations=13 (full 2):
 PSYoungGen      total 186368K, used 21732K [0x00000000e0000000, 0x00000000f0e80000, 0x0000000100000000)
  eden space 162816K, 0% used [0x00000000e0000000,0x00000000e0000000,0x00000000e9f00000)
  from space 23552K, 92% used [0x00000000e9f00000,0x00000000eb439208,0x00000000eb600000)
  to   space 26112K, 0% used [0x00000000ef500000,0x00000000ef500000,0x00000000f0e80000)
 ParOldGen       total 102400K, used 34882K [0x00000000a0000000, 0x00000000a6400000, 0x00000000e0000000)
  object space 102400K, 34% used [0x00000000a0000000,0x00000000a2210a60,0x00000000a6400000)
 Metaspace       used 56412K, capacity 58818K, committed 59008K, reserved 1099776K
  class space    used 7717K, capacity 8297K, committed 8320K, reserved 1048576K
}
Event: 11.556 GC heap before
{Heap before GC invocations=14 (full 3):
 PSYoungGen      total 186368K, used 21732K [0x00000000e0000000, 0x00000000f0e80000, 0x0000000100000000)
  eden space 162816K, 0% used [0x00000000e0000000,0x00000000e0000000,0x00000000e9f00000)
  from space 23552K, 92% used [0x00000000e9f00000,0x00000000eb439208,0x00000000eb600000)
  to   space 26112K, 0% used [0x00000000ef500000,0x00000000ef500000,0x00000000f0e80000)
 ParOldGen       total 102400K, used 34882K [0x00000000a0000000, 0x00000000a6400000, 0x00000000e0000000)
  object space 102400K, 34% used [0x00000000a0000000,0x00000000a2210a60,0x00000000a6400000)
 Metaspace       used 56412K, capacity 58818K, committed 59008K, reserved 1099776K
  class space    used 7717K, capacity 8297K, committed 8320K, reserved 1048576K
Event: 11.818 GC heap after
Heap after GC invocations=14 (full 3):
 PSYoungGen      total 186368K, used 0K [0x00000000e0000000, 0x00000000f0e80000, 0x0000000100000000)
  eden space 162816K, 0% used [0x00000000e0000000,0x00000000e0000000,0x00000000e9f00000)
  from space 23552K, 0% used [0x00000000e9f00000,0x00000000e9f00000,0x00000000eb600000)
  to   space 26112K, 0% used [0x00000000ef500000,0x00000000ef500000,0x00000000f0e80000)
 ParOldGen       total 165376K, used 47337K [0x00000000a0000000, 0x00000000aa180000, 0x00000000e0000000)
  object space 165376K, 28% used [0x00000000a0000000,0x00000000a2e3a7f0,0x00000000aa180000)
 Metaspace       used 56412K, capacity 58818K, committed 59008K, reserved 1099776K
  class space    used 7717K, capacity 8297K, committed 8320K, reserved 1048576K
}
Event: 660.987 GC heap before
{Heap before GC invocations=15 (full 3):
 PSYoungGen      total 186368K, used 162816K [0x00000000e0000000, 0x00000000f0e80000, 0x0000000100000000)
  eden space 162816K, 100% used [0x00000000e0000000,0x00000000e9f00000,0x00000000e9f00000)
  from space 23552K, 0% used [0x00000000e9f00000,0x00000000e9f00000,0x00000000eb600000)
  to   space 26112K, 0% used [0x00000000ef500000,0x00000000ef500000,0x00000000f0e80000)
 ParOldGen       total 165376K, used 47337K [0x00000000a0000000, 0x00000000aa180000, 0x00000000e0000000)
  object space 165376K, 28% used [0x00000000a0000000,0x00000000a2e3a7f0,0x00000000aa180000)
 Metaspace       used 61107K, capacity 63868K, committed 64000K, reserved 1103872K
  class space    used 8155K, capacity 8840K, committed 8960K, reserved 1048576K
Event: 660.996 GC heap after
Heap after GC invocations=15 (full 3):
 PSYoungGen      total 207872K, used 7346K [0x00000000e0000000, 0x00000000efc80000, 0x0000000100000000)
  eden space 200192K, 0% used [0x00000000e0000000,0x00000000e0000000,0x00000000ec380000)
  from space 7680K, 95% used [0x00000000ef500000,0x00000000efc2cb08,0x00000000efc80000)
  to   space 25600K, 0% used [0x00000000eca80000,0x00000000eca80000,0x00000000ee380000)
 ParOldGen       total 165376K, used 47345K [0x00000000a0000000, 0x00000000aa180000, 0x00000000e0000000)
  object space 165376K, 28% used [0x00000000a0000000,0x00000000a2e3c7f0,0x00000000aa180000)
 Metaspace       used 61107K, capacity 63868K, committed 64000K, reserved 1103872K
  class space    used 8155K, capacity 8840K, committed 8960K, reserved 1048576K
}
Event: 6600.911 GC heap before
{Heap before GC invocations=16 (full 3):
 PSYoungGen      total 207872K, used 207538K [0x00000000e0000000, 0x00000000efc80000, 0x0000000100000000)
  eden space 200192K, 100% used [0x00000000e0000000,0x00000000ec380000,0x00000000ec380000)
  from space 7680K, 95% used [0x00000000ef500000,0x00000000efc2cb08,0x00000000efc80000)
  to   space 25600K, 0% used [0x00000000eca80000,0x00000000eca80000,0x00000000ee380000)
 ParOldGen       total 165376K, used 47345K [0x00000000a0000000, 0x00000000aa180000, 0x00000000e0000000)
  object space 165376K, 28% used [0x00000000a0000000,0x00000000a2e3c7f0,0x00000000aa180000)
 Metaspace       used 62019K, capacity 65128K, committed 65408K, reserved 1105920K
  class space    used 8231K, capacity 9016K, committed 9088K, reserved 1048576K
Event: 6600.953 GC heap after
Heap after GC invocations=16 (full 3):
 PSYoungGen      total 232960K, used 10104K [0x00000000e0000000, 0x00000000f1900000, 0x0000000100000000)
  eden space 207360K, 0% used [0x00000000e0000000,0x00000000e0000000,0x00000000eca80000)
  from space 25600K, 39% used [0x00000000eca80000,0x00000000ed45e380,0x00000000ee380000)
  to   space 24576K, 0% used [0x00000000f0100000,0x00000000f0100000,0x00000000f1900000)
 ParOldGen       total 165376K, used 47353K [0x00000000a0000000, 0x00000000aa180000, 0x00000000e0000000)
  object space 165376K, 28% used [0x00000000a0000000,0x00000000a2e3e7f0,0x00000000aa180000)
 Metaspace       used 62019K, capacity 65128K, committed 65408K, reserved 1105920K
  class space    used 8231K, capacity 9016K, committed 9088K, reserved 1048576K
}
Event: 6619.012 GC heap before
{Heap before GC invocations=17 (full 3):
 PSYoungGen      total 232960K, used 217464K [0x00000000e0000000, 0x00000000f1900000, 0x0000000100000000)
  eden space 207360K, 100% used [0x00000000e0000000,0x00000000eca80000,0x00000000eca80000)
  from space 25600K, 39% used [0x00000000eca80000,0x00000000ed45e380,0x00000000ee380000)
  to   space 24576K, 0% used [0x00000000f0100000,0x00000000f0100000,0x00000000f1900000)
 ParOldGen       total 165376K, used 47353K [0x00000000a0000000, 0x00000000aa180000, 0x00000000e0000000)
  object space 165376K, 28% used [0x00000000a0000000,0x00000000a2e3e7f0,0x00000000aa180000)
 Metaspace       used 68764K, capacity 72040K, committed 72064K, reserved 1112064K
  class space    used 9047K, capacity 9850K, committed 9856K, reserved 1048576K
Event: 6619.043 GC heap after
Heap after GC invocations=17 (full 3):
 PSYoungGen      total 221184K, used 20116K [0x00000000e0000000, 0x00000000f1500000, 0x0000000100000000)
  eden space 200704K, 0% used [0x00000000e0000000,0x00000000e0000000,0x00000000ec400000)
  from space 20480K, 98% used [0x00000000f0100000,0x00000000f14a5378,0x00000000f1500000)
  to   space 26624K, 0% used [0x00000000ee100000,0x00000000ee100000,0x00000000efb00000)
 ParOldGen       total 165376K, used 47361K [0x00000000a0000000, 0x00000000aa180000, 0x00000000e0000000)
  object space 165376K, 28% used [0x00000000a0000000,0x00000000a2e407f0,0x00000000aa180000)
 Metaspace       used 68764K, capacity 72040K, committed 72064K, reserved 1112064K
  class space    used 9047K, capacity 9850K, committed 9856K, reserved 1048576K
}

Deoptimization events (10 events):
Event: 6624.500 Thread 0x000000001f1f3000 Uncommon trap: reason=unloaded action=reinterpret pc=0x0000000006f7890c method=com.android.dx.cf.cst.ConstantPoolParser.parse0(ILjava/util/BitSet;)Lcom/android/dx/rop/cst/Constant; @ 475
Event: 6624.501 Thread 0x000000001f1f3000 Uncommon trap: reason=unstable_if action=reinterpret pc=0x0000000006edbd74 method=com.android.dx.rop.type.Type.intern(Ljava/lang/String;)Lcom/android/dx/rop/type/Type; @ 53
Event: 6624.522 Thread 0x000000001f1f1000 Uncommon trap: reason=class_check action=maybe_recompile pc=0x0000000007103094 method=com.android.dx.cf.code.BytecodeArray.parseInstruction(ILcom/android/dx/cf/code/BytecodeArray$Visitor;)I @ 1195
Event: 6624.522 Thread 0x000000001f1f1000 Uncommon trap: reason=class_check action=maybe_recompile pc=0x0000000007103094 method=com.android.dx.cf.code.BytecodeArray.parseInstruction(ILcom/android/dx/cf/code/BytecodeArray$Visitor;)I @ 1195
Event: 6624.522 Thread 0x000000001f1f3000 Uncommon trap: reason=class_check action=maybe_recompile pc=0x0000000007103094 method=com.android.dx.cf.code.BytecodeArray.parseInstruction(ILcom/android/dx/cf/code/BytecodeArray$Visitor;)I @ 1195
Event: 6624.522 Thread 0x000000001f1f3000 Uncommon trap: reason=class_check action=maybe_recompile pc=0x0000000007103094 method=com.android.dx.cf.code.BytecodeArray.parseInstruction(ILcom/android/dx/cf/code/BytecodeArray$Visitor;)I @ 1195
Event: 6624.539 Thread 0x000000001f1f1000 Uncommon trap: reason=unstable_if action=reinterpret pc=0x000000000711d780 method=com.android.dx.cf.direct.StdAttributeFactory.parse0(Lcom/android/dx/cf/direct/DirectClassFile;ILjava/lang/String;IILcom/android/dx/cf/iface/ParseObserver;)Lcom/android/dx/cf
Event: 6624.539 Thread 0x000000001f1f1000 Uncommon trap: reason=unstable_if action=reinterpret pc=0x00000000070cbf18 method=com.android.dx.rop.code.LocalItem.hashCode()I @ 25
Event: 6624.565 Thread 0x000000001f1f1000 Uncommon trap: reason=null_check action=make_not_entrant pc=0x00000000070c77e8 method=com.android.dx.rop.type.Type.equals(Ljava/lang/Object;)Z @ 8
Event: 6624.574 Thread 0x000000001f1f3000 Uncommon trap: reason=unstable_if action=reinterpret pc=0x000000000674d55c method=com.android.dx.rop.cst.Constant.compareTo(Lcom/android/dx/rop/cst/Constant;)I @ 12

Classes redefined (0 events):
No events

Internal exceptions (10 events):
Event: 6624.584 Thread 0x000000001f1f1800 Exception <a 'sun/nio/fs/WindowsException'> (0x00000000e6dc5a90) thrown at [D:\src\AOSP-openjdk-cygwin\jdk8u\hotspot\src\share\vm\prims\jni.cpp, line 709]
Event: 6624.586 Thread 0x000000001f1f1000 Exception <a 'sun/nio/fs/WindowsException'> (0x00000000e70405b0) thrown at [D:\src\AOSP-openjdk-cygwin\jdk8u\hotspot\src\share\vm\prims\jni.cpp, line 709]
Event: 6624.595 Thread 0x000000001f1f3000 Exception <a 'sun/nio/fs/WindowsException'> (0x00000000e70c44c8) thrown at [D:\src\AOSP-openjdk-cygwin\jdk8u\hotspot\src\share\vm\prims\jni.cpp, line 709]
Event: 6624.599 Thread 0x000000001f1f2800 Exception <a 'sun/nio/fs/WindowsException'> (0x00000000e70e11e8) thrown at [D:\src\AOSP-openjdk-cygwin\jdk8u\hotspot\src\share\vm\prims\jni.cpp, line 709]
Event: 6624.613 Thread 0x000000001f1f1000 Exception <a 'sun/nio/fs/WindowsException'> (0x00000000e7053660) thrown at [D:\src\AOSP-openjdk-cygwin\jdk8u\hotspot\src\share\vm\prims\jni.cpp, line 709]
Event: 6624.619 Thread 0x000000001f1f1800 Exception <a 'sun/nio/fs/WindowsException'> (0x00000000e7154b50) thrown at [D:\src\AOSP-openjdk-cygwin\jdk8u\hotspot\src\share\vm\prims\jni.cpp, line 709]
Event: 6624.629 Thread 0x000000001f1f6000 Exception <a 'sun/nio/fs/WindowsException'> (0x00000000e6c8c368) thrown at [D:\src\AOSP-openjdk-cygwin\jdk8u\hotspot\src\share\vm\prims\jni.cpp, line 709]
Event: 6624.629 Thread 0x000000001f1f1000 Exception <a 'sun/nio/fs/WindowsException'> (0x00000000e71cb380) thrown at [D:\src\AOSP-openjdk-cygwin\jdk8u\hotspot\src\share\vm\prims\jni.cpp, line 709]
Event: 6624.629 Thread 0x000000001f1f2800 Exception <a 'sun/nio/fs/WindowsException'> (0x00000000e70f7da8) thrown at [D:\src\AOSP-openjdk-cygwin\jdk8u\hotspot\src\share\vm\prims\jni.cpp, line 709]
Event: 6624.646 Thread 0x000000001f1f2800 Exception <a 'sun/nio/fs/WindowsException'> (0x00000000e7229b30) thrown at [D:\src\AOSP-openjdk-cygwin\jdk8u\hotspot\src\share\vm\prims\jni.cpp, line 709]

Events (10 events):
Event: 6624.556 loading class com/android/dx/cf/direct/DirectClassFile$DcfTypeList
Event: 6624.556 loading class com/android/dx/cf/direct/DirectClassFile$DcfTypeList done
Event: 6624.561 loading class com/android/dx/cf/code/SwitchList
Event: 6624.561 loading class com/android/dx/cf/code/SwitchList done
Event: 6624.565 Thread 0x000000001f1f1000 Uncommon trap: trap_request=0xfffffff4 fr.pc=0x00000000070c77e8
Event: 6624.565 Thread 0x000000001f1f1000 DEOPT PACKING pc=0x00000000070c77e8 sp=0x000000002e94e530
Event: 6624.565 Thread 0x000000001f1f1000 DEOPT UNPACKING pc=0x000000000468556a sp=0x000000002e94e4b8 mode 2
Event: 6624.574 Thread 0x000000001f1f3000 Uncommon trap: trap_request=0xffffff65 fr.pc=0x000000000674d55c
Event: 6624.574 Thread 0x000000001f1f3000 DEOPT PACKING pc=0x000000000674d55c sp=0x000000002cc4e520
Event: 6624.574 Thread 0x000000001f1f3000 DEOPT UNPACKING pc=0x000000000468556a sp=0x000000002cc4e4c0 mode 2


Dynamic libraries:
0x00007ff78b500000 - 0x00007ff78b531000 	C:\Program Files\Android\Android Studio\jre\bin\java.exe
0x00007ffa10c20000 - 0x00007ffa10e00000 	C:\WINDOWS\SYSTEM32\ntdll.dll
0x00007ffa10a30000 - 0x00007ffa10ade000 	C:\WINDOWS\System32\KERNEL32.DLL
0x00007ffa0d320000 - 0x00007ffa0d586000 	C:\WINDOWS\System32\KERNELBASE.dll
0x00007ffa0fdf0000 - 0x00007ffa0fe91000 	C:\WINDOWS\System32\ADVAPI32.dll
0x00007ffa102a0000 - 0x00007ffa1033d000 	C:\WINDOWS\System32\msvcrt.dll
0x00007ffa10670000 - 0x00007ffa106cb000 	C:\WINDOWS\System32\sechost.dll
0x00007ffa10910000 - 0x00007ffa10a2f000 	C:\WINDOWS\System32\RPCRT4.dll
0x00007ffa10110000 - 0x00007ffa1029f000 	C:\WINDOWS\System32\USER32.dll
0x00007ffa0d130000 - 0x00007ffa0d150000 	C:\WINDOWS\System32\win32u.dll
0x00007ffa108e0000 - 0x00007ffa10908000 	C:\WINDOWS\System32\GDI32.dll
0x00007ffa0df50000 - 0x00007ffa0e0e3000 	C:\WINDOWS\System32\gdi32full.dll
0x00007ffa0d760000 - 0x00007ffa0d7fb000 	C:\WINDOWS\System32\msvcp_win.dll
0x00007ffa0d5e0000 - 0x00007ffa0d6d6000 	C:\WINDOWS\System32\ucrtbase.dll
0x00007ffa01520000 - 0x00007ffa01789000 	C:\WINDOWS\WinSxS\amd64_microsoft.windows.common-controls_6595b64144ccf1df_6.0.16299.192_none_15c8cdae9364c23b\COMCTL32.dll
0x00007ffa0f530000 - 0x00007ffa0f838000 	C:\WINDOWS\System32\combase.dll
0x00007ffa0d6e0000 - 0x00007ffa0d752000 	C:\WINDOWS\System32\bcryptPrimitives.dll
0x00007ffa10ae0000 - 0x00007ffa10b0d000 	C:\WINDOWS\System32\IMM32.DLL
0x00000000747b0000 - 0x0000000074882000 	C:\Program Files\Android\Android Studio\jre\jre\bin\msvcr100.dll
0x0000000074970000 - 0x00000000751ae000 	C:\Program Files\Android\Android Studio\jre\jre\bin\server\jvm.dll
0x00007ffa0fd60000 - 0x00007ffa0fd68000 	C:\WINDOWS\System32\PSAPI.DLL
0x00007ffa06080000 - 0x00007ffa06089000 	C:\WINDOWS\SYSTEM32\WSOCK32.dll
0x00007ffa05a50000 - 0x00007ffa05a5a000 	C:\WINDOWS\SYSTEM32\VERSION.dll
0x00007ffa0a570000 - 0x00007ffa0a593000 	C:\WINDOWS\SYSTEM32\WINMM.dll
0x00007ffa10b10000 - 0x00007ffa10b7c000 	C:\WINDOWS\System32\WS2_32.dll
0x00007ffa0a470000 - 0x00007ffa0a49a000 	C:\WINDOWS\SYSTEM32\WINMMBASE.dll
0x00007ffa0d590000 - 0x00007ffa0d5da000 	C:\WINDOWS\System32\cfgmgr32.dll
0x00007ffa04e80000 - 0x00007ffa04e8f000 	C:\Program Files\Android\Android Studio\jre\jre\bin\verify.dll
0x00007ff9fddf0000 - 0x00007ff9fde19000 	C:\Program Files\Android\Android Studio\jre\jre\bin\java.dll
0x00007ff9fc270000 - 0x00007ff9fc286000 	C:\Program Files\Android\Android Studio\jre\jre\bin\zip.dll
0x00007ffa0e0f0000 - 0x00007ffa0f526000 	C:\WINDOWS\System32\SHELL32.dll
0x00007ffa0fcb0000 - 0x00007ffa0fd56000 	C:\WINDOWS\System32\shcore.dll
0x00007ffa0d800000 - 0x00007ffa0df47000 	C:\WINDOWS\System32\windows.storage.dll
0x00007ffa106d0000 - 0x00007ffa10721000 	C:\WINDOWS\System32\shlwapi.dll
0x00007ffa0d000000 - 0x00007ffa0d011000 	C:\WINDOWS\System32\kernel.appcore.dll
0x00007ffa0cf90000 - 0x00007ffa0cfdc000 	C:\WINDOWS\System32\powrprof.dll
0x00007ffa0cfe0000 - 0x00007ffa0cffb000 	C:\WINDOWS\System32\profapi.dll
0x00007ff9f5bd0000 - 0x00007ff9f5bea000 	C:\Program Files\Android\Android Studio\jre\jre\bin\net.dll
0x00007ffa0c800000 - 0x00007ffa0c866000 	C:\WINDOWS\system32\mswsock.dll
0x00007ff9f10d0000 - 0x00007ff9f10e1000 	C:\Program Files\Android\Android Studio\jre\jre\bin\nio.dll
0x00007ff9f6c70000 - 0x00007ff9f6c8e000 	C:\Users\botez\.gradle\native\25\windows-amd64\native-platform.dll
0x00007ffa08940000 - 0x00007ffa0894d000 	C:\Program Files\Android\Android Studio\jre\jre\bin\management.dll
0x00007ffa0c9c0000 - 0x00007ffa0c9d7000 	C:\WINDOWS\SYSTEM32\CRYPTSP.dll
0x00007ffa0c410000 - 0x00007ffa0c443000 	C:\WINDOWS\system32\rsaenh.dll
0x00007ffa0cad0000 - 0x00007ffa0caf5000 	C:\WINDOWS\SYSTEM32\bcrypt.dll
0x00007ffa0cea0000 - 0x00007ffa0cec9000 	C:\WINDOWS\SYSTEM32\USERENV.dll
0x00007ffa0c9e0000 - 0x00007ffa0c9eb000 	C:\WINDOWS\SYSTEM32\CRYPTBASE.dll
0x00007ffa0c590000 - 0x00007ffa0c5c9000 	C:\WINDOWS\SYSTEM32\IPHLPAPI.DLL
0x00007ffa10be0000 - 0x00007ffa10be8000 	C:\WINDOWS\System32\NSI.dll
0x00007ffa07150000 - 0x00007ffa07166000 	C:\WINDOWS\SYSTEM32\dhcpcsvc6.DLL
0x00007ffa074b0000 - 0x00007ffa074ca000 	C:\WINDOWS\SYSTEM32\dhcpcsvc.DLL
0x00007ffa0c0b0000 - 0x00007ffa0c0e1000 	C:\WINDOWS\SYSTEM32\ntmarta.dll

VM Arguments:
jvm_args: -Xmx1536m -Dfile.encoding=windows-1252 -Duser.country=US -Duser.language=en -Duser.variant 
java_command: org.gradle.launcher.daemon.bootstrap.GradleDaemon 4.1
java_class_path (initial): C:\Users\botez\.gradle\wrapper\dists\gradle-4.1-all\bzyivzo6n839fup2jbap0tjew\gradle-4.1\lib\gradle-launcher-4.1.jar
Launcher Type: SUN_STANDARD

Environment Variables:
PATH=C:\ProgramData\Oracle\Java\javapath;C:\WINDOWS\system32;C:\WINDOWS;C:\WINDOWS\System32\Wbem;C:\WINDOWS\System32\WindowsPowerShell\v1.0\;C:\Program Files (x86)\NVIDIA Corporation\PhysX\Common;C:\Program Files\Git\cmd;C:\Users\botez\AppData\Local\Microsoft\WindowsApps;C:\Users\botez\AppData\Local\GitHubDesktop\bin
USERNAME=botez
OS=Windows_NT
PROCESSOR_IDENTIFIER=Intel64 Family 6 Model 60 Stepping 3, GenuineIntel



---------------  S Y S T E M  ---------------

OS: Windows 10.0 , 64 bit Build 16299 (10.0.16299.15)

CPU:total 8 (initial active 8) (4 cores per cpu, 2 threads per core) family 6 model 60 stepping 3, cmov, cx8, fxsr, mmx, sse, sse2, sse3, ssse3, sse4.1, sse4.2, popcnt, avx, avx2, aes, clmul, erms, lzcnt, ht, tsc, tscinvbit, bmi1, bmi2

Memory: 4k page, physical 8268808k(1040668k free), swap 11200132k(2632k free)

vm_info: OpenJDK 64-Bit Server VM (25.152-b01) for windows-amd64 JRE (1.8.0_152-release-915-b01), built by "builder" with MS VC++ 10.0 (VS2010)

time: Thu Feb 22 22:00:38 2018
elapsed time: 6624 seconds (0d 1h 50m 24s)

